Using pre-set license
Built from '2020.3/staging' branch; Version is '2020.3.25f1 (9b9180224418) revision 10195328'; Using compiler version '192528614'; Build Type 'Release'
OS: 'Windows 10  (10.0.19044) 64bit Professional' Language: 'en' Physical Memory: 32677 MB
BatchMode: 1, IsHumanControllingUs: 0, StartBugReporterOnCrash: 0, Is64bit: 1, IsPro: 0

COMMAND LINE ARGUMENTS:
F:\2020.3.25f1\Editor\Unity.exe
-adb2
-batchMode
-noUpm
-name
AssetImportWorker0
-projectPath
F:/unity/Town-Defender
-logFile
Logs/AssetImportWorker0.log
-srvPort
65297
Successfully changed project path to: F:/unity/Town-Defender
F:/unity/Town-Defender
Using Asset Import Pipeline V2.
Refreshing native plugins compatible for Editor in 38.89 ms, found 3 plugins.
Preloading 0 native plugins for Editor in 0.00 ms.
Initialize engine version: 2020.3.25f1 (9b9180224418)
[Subsystems] Discovering subsystems at path F:/2020.3.25f1/Editor/Data/Resources/UnitySubsystems
[Subsystems] Discovering subsystems at path F:/unity/Town-Defender/Assets
GfxDevice: creating device client; threaded=0
Direct3D:
    Version:  Direct3D 11.0 [level 11.1]
    Renderer: Radeon RX 580 Series (ID=0x67df)
    Vendor:   
    VRAM:     8171 MB
    Driver:   30.0.14023.7007
Initialize mono
Mono path[0] = 'F:/2020.3.25f1/Editor/Data/Managed'
Mono path[1] = 'F:/2020.3.25f1/Editor/Data/MonoBleedingEdge/lib/mono/unityjit'
Mono config path = 'F:/2020.3.25f1/Editor/Data/MonoBleedingEdge/etc'
Using monoOptions --debugger-agent=transport=dt_socket,embedding=1,server=y,suspend=n,address=127.0.0.1:56768
Begin MonoManager ReloadAssembly
Registering precompiled unity dll's ...
Register platform support module: F:/2020.3.25f1/Editor/Data/PlaybackEngines/WebGLSupport/UnityEditor.WebGL.Extensions.dll
Register platform support module: F:/2020.3.25f1/Editor/Data/PlaybackEngines/MacStandaloneSupport/UnityEditor.OSXStandalone.Extensions.dll
Register platform support module: F:/2020.3.25f1/Editor/Data/PlaybackEngines/WindowsStandaloneSupport/UnityEditor.WindowsStandalone.Extensions.dll
Registered in 0.001195 seconds.
Native extension for WindowsStandalone target not found
Native extension for OSXStandalone target not found
Native extension for WebGL target not found
Refreshing native plugins compatible for Editor in 37.47 ms, found 3 plugins.
Preloading 0 native plugins for Editor in 0.00 ms.
Mono: successfully reloaded assembly
- Completed reload, in  0.454 seconds
Domain Reload Profiling:
	ReloadAssembly (454ms)
		BeginReloadAssembly (40ms)
			ExecutionOrderSort (0ms)
			DisableScriptedObjects (0ms)
			BackupInstance (0ms)
			ReleaseScriptingObjects (0ms)
			CreateAndSetChildDomain (1ms)
		EndReloadAssembly (357ms)
			LoadAssemblies (39ms)
			RebuildTransferFunctionScriptingTraits (0ms)
			SetupTypeCache (119ms)
			ReleaseScriptCaches (0ms)
			RebuildScriptCaches (24ms)
			SetupLoadedEditorAssemblies (141ms)
				LogAssemblyErrors (0ms)
				InitializePlatformSupportModulesInManaged (5ms)
				SetLoadedEditorAssemblies (0ms)
				RefreshPlugins (38ms)
				BeforeProcessingInitializeOnLoad (7ms)
				ProcessInitializeOnLoadAttributes (69ms)
				ProcessInitializeOnLoadMethodAttributes (22ms)
				AfterProcessingInitializeOnLoad (0ms)
				EditorAssembliesLoaded (0ms)
			ExecutionOrderSort2 (0ms)
			AwakeInstancesAfterBackupRestoration (0ms)
Platform modules already initialized, skipping
Registering precompiled user dll's ...
Registered in 0.002459 seconds.
Begin MonoManager ReloadAssembly
Native extension for WindowsStandalone target not found
Native extension for OSXStandalone target not found
Native extension for WebGL target not found
Refreshing native plugins compatible for Editor in 36.45 ms, found 3 plugins.
Preloading 0 native plugins for Editor in 0.00 ms.
Mono: successfully reloaded assembly
- Completed reload, in  0.853 seconds
Domain Reload Profiling:
	ReloadAssembly (854ms)
		BeginReloadAssembly (113ms)
			ExecutionOrderSort (0ms)
			DisableScriptedObjects (4ms)
			BackupInstance (0ms)
			ReleaseScriptingObjects (0ms)
			CreateAndSetChildDomain (18ms)
		EndReloadAssembly (695ms)
			LoadAssemblies (67ms)
			RebuildTransferFunctionScriptingTraits (0ms)
			SetupTypeCache (238ms)
			ReleaseScriptCaches (1ms)
			RebuildScriptCaches (40ms)
			SetupLoadedEditorAssemblies (256ms)
				LogAssemblyErrors (0ms)
				InitializePlatformSupportModulesInManaged (4ms)
				SetLoadedEditorAssemblies (0ms)
				RefreshPlugins (37ms)
				BeforeProcessingInitializeOnLoad (48ms)
				ProcessInitializeOnLoadAttributes (152ms)
				ProcessInitializeOnLoadMethodAttributes (12ms)
				AfterProcessingInitializeOnLoad (2ms)
				EditorAssembliesLoaded (0ms)
			ExecutionOrderSort2 (0ms)
			AwakeInstancesAfterBackupRestoration (5ms)
Platform modules already initialized, skipping
========================================================================
Worker process is ready to serve import requests
Launched and connected shader compiler UnityShaderCompiler.exe after 0.05 seconds
Refreshing native plugins compatible for Editor in 0.55 ms, found 3 plugins.
Preloading 0 native plugins for Editor in 0.00 ms.
Unloading 2195 Unused Serialized files (Serialized files now loaded: 0)
System memory in use before: 95.8 MB.
System memory in use after: 95.9 MB.

Unloading 28 unused Assets to reduce memory usage. Loaded Objects now: 2628.
Total: 3.258200 ms (FindLiveObjects: 0.212000 ms CreateObjectMapping: 0.049300 ms MarkObjects: 2.918900 ms  DeleteObjects: 0.077100 ms)

AssetImportParameters requested are different than current active one (requested -> active):
  custom:framework-win-MediaFoundation: 216162199b28c13a410421893ffa2e32 -> 
  custom:video-decoder-ogg-theora: a1e56fd34408186e4bbccfd4996cb3dc -> 
  custom:container-muxer-webm: aa71ff27fc2769a1b78a27578f13a17b -> 
  custom:container-demuxer-webm: 4f35f7cbe854078d1ac9338744f61a02 -> 
  custom:container-demuxer-ogg: 62fdf1f143b41e24485cea50d1cbac27 -> 
  custom:video-encoder-webm-vp8: eb34c28f22e8b96e1ab97ce403110664 -> 
  custom:video-decoder-webm-vp8: 9c59270c3fd7afecdb556c50c9e8de78 -> 
  custom:audio-decoder-ogg-vorbis: bf7c407c2cedff20999df2af8eb42d56 -> 
  custom:audio-encoder-webm-vorbis: bf7c407c2cedff20999df2af8eb42d56 -> 
========================================================================
Received Import Request.
  path: Assets/Sprites/Hero.png
  artifactKey: Guid(f56e4a0fb8a90f54c90f7a2730f9b5dd) Importer(815301076,1909f56bfc062723c751e8b465ee728b)
Start importing Assets/Sprites/Hero.png using Guid(f56e4a0fb8a90f54c90f7a2730f9b5dd) Importer(815301076,1909f56bfc062723c751e8b465ee728b)  -> (artifact id: 'edd58f94c8d6d335ab75dd3b335d578f') in 0.074523 seconds 
  Import took 0.077704 seconds .

========================================================================
Received Import Request.
  Time since last request: 0.000226 seconds.
  path: Assets/Sprites
  artifactKey: Guid(e9b4db8e199742b4c93f66907339b389) Importer(815301076,1909f56bfc062723c751e8b465ee728b)
Start importing Assets/Sprites using Guid(e9b4db8e199742b4c93f66907339b389) Importer(815301076,1909f56bfc062723c751e8b465ee728b)  -> (artifact id: 'a9593c5f0f88f000285321c38cf1fa8d') in 0.004969 seconds 
  Import took 0.007973 seconds .

========================================================================
Received Import Request.
  Time since last request: 0.000223 seconds.
  path: Assets/Sprites/House.png
  artifactKey: Guid(ca45f4d85d204204d8c1982059d14b4d) Importer(815301076,1909f56bfc062723c751e8b465ee728b)
Start importing Assets/Sprites/House.png using Guid(ca45f4d85d204204d8c1982059d14b4d) Importer(815301076,1909f56bfc062723c751e8b465ee728b)  -> (artifact id: 'c1e7567894ec0997e1acf27f25e8d64f') in 0.009897 seconds 
  Import took 0.013071 seconds .

========================================================================
Received Import Request.
  Time since last request: 5.603430 seconds.
  path: Assets/Sprites/Untitled.png
  artifactKey: Guid(7cb715983e7824845a0a9d724df1d4c7) Importer(815301076,1909f56bfc062723c751e8b465ee728b)
Start importing Assets/Sprites/Untitled.png using Guid(7cb715983e7824845a0a9d724df1d4c7) Importer(815301076,1909f56bfc062723c751e8b465ee728b)  -> (artifact id: 'f5707ce6dcb66552460ac40bf3de23d5') in 0.008805 seconds 
  Import took 0.012089 seconds .

========================================================================
Received Import Request.
  Time since last request: 50.042966 seconds.
  path: Assets/Sprites/Untitled.png
  artifactKey: Guid(7cb715983e7824845a0a9d724df1d4c7) Importer(815301076,1909f56bfc062723c751e8b465ee728b)
Start importing Assets/Sprites/Untitled.png using Guid(7cb715983e7824845a0a9d724df1d4c7) Importer(815301076,1909f56bfc062723c751e8b465ee728b)  -> (artifact id: '680fe4b9f96af29bf2221278f6f95ae6') in 0.007536 seconds 
  Import took 0.010917 seconds .

========================================================================
Received Import Request.
  Time since last request: 3.341647 seconds.
  path: Assets/Sprites/Untitled.png
  artifactKey: Guid(7cb715983e7824845a0a9d724df1d4c7) Importer(815301076,1909f56bfc062723c751e8b465ee728b)
Start importing Assets/Sprites/Untitled.png using Guid(7cb715983e7824845a0a9d724df1d4c7) Importer(815301076,1909f56bfc062723c751e8b465ee728b)  -> (artifact id: 'd17c1e5dc5fbb6246118ea549e5b96d1') in 0.007042 seconds 
  Import took 0.010182 seconds .

========================================================================
Received Import Request.
  Time since last request: 72.580755 seconds.
  path: Assets/Sprites/Untitled.png
  artifactKey: Guid(7cb715983e7824845a0a9d724df1d4c7) Importer(815301076,1909f56bfc062723c751e8b465ee728b)
Start importing Assets/Sprites/Untitled.png using Guid(7cb715983e7824845a0a9d724df1d4c7) Importer(815301076,1909f56bfc062723c751e8b465ee728b)  -> (artifact id: 'ad6354b38119b4d5c74ef970721a4746') in 0.007252 seconds 
  Import took 0.010659 seconds .

========================================================================
Received Import Request.
  Time since last request: 7.607316 seconds.
  path: Assets/Sprites/Untitled.png
  artifactKey: Guid(7cb715983e7824845a0a9d724df1d4c7) Importer(815301076,1909f56bfc062723c751e8b465ee728b)
Start importing Assets/Sprites/Untitled.png using Guid(7cb715983e7824845a0a9d724df1d4c7) Importer(815301076,1909f56bfc062723c751e8b465ee728b)  -> (artifact id: '3e4d6882d6f1d62a641470eab9a96b1c') in 0.009525 seconds 
  Import took 0.012827 seconds .

========================================================================
Received Import Request.
  Time since last request: 5.200500 seconds.
  path: Assets/Sprites/Untitled.png
  artifactKey: Guid(7cb715983e7824845a0a9d724df1d4c7) Importer(815301076,1909f56bfc062723c751e8b465ee728b)
Start importing Assets/Sprites/Untitled.png using Guid(7cb715983e7824845a0a9d724df1d4c7) Importer(815301076,1909f56bfc062723c751e8b465ee728b)  -> (artifact id: '4382c5ea3f66d365024568d87e3577ed') in 0.005360 seconds 
  Import took 0.008523 seconds .

========================================================================
Received Import Request.
  Time since last request: 3.236998 seconds.
  path: Assets/Sprites/Untitled.png
  artifactKey: Guid(7cb715983e7824845a0a9d724df1d4c7) Importer(815301076,1909f56bfc062723c751e8b465ee728b)
Start importing Assets/Sprites/Untitled.png using Guid(7cb715983e7824845a0a9d724df1d4c7) Importer(815301076,1909f56bfc062723c751e8b465ee728b)  -> (artifact id: '623cc04c522b04f912677ab928c0ad25') in 0.008144 seconds 
  Import took 0.011339 seconds .

========================================================================
Received Import Request.
  Time since last request: 90.824849 seconds.
  path: Assets/Sprites/Sword.png
  artifactKey: Guid(7cb715983e7824845a0a9d724df1d4c7) Importer(815301076,1909f56bfc062723c751e8b465ee728b)
Start importing Assets/Sprites/Sword.png using Guid(7cb715983e7824845a0a9d724df1d4c7) Importer(815301076,1909f56bfc062723c751e8b465ee728b)  -> (artifact id: '4d2b56b72d1a16af5d707df63b5c49e1') in 0.009180 seconds 
  Import took 0.012771 seconds .

========================================================================
Received Import Request.
  Time since last request: 102.144774 seconds.
  path: Assets/Sprites/Sword.png
  artifactKey: Guid(7cb715983e7824845a0a9d724df1d4c7) Importer(815301076,1909f56bfc062723c751e8b465ee728b)
Start importing Assets/Sprites/Sword.png using Guid(7cb715983e7824845a0a9d724df1d4c7) Importer(815301076,1909f56bfc062723c751e8b465ee728b)  -> (artifact id: 'be842dfe5eb81da013076bed79cb669b') in 0.009596 seconds 
  Import took 0.013154 seconds .

========================================================================
Received Import Request.
  Time since last request: 19.102403 seconds.
  path: Assets/Sprites/Sword.png
  artifactKey: Guid(7cb715983e7824845a0a9d724df1d4c7) Importer(815301076,1909f56bfc062723c751e8b465ee728b)
Start importing Assets/Sprites/Sword.png using Guid(7cb715983e7824845a0a9d724df1d4c7) Importer(815301076,1909f56bfc062723c751e8b465ee728b)  -> (artifact id: '4231d022402b2efdff1e60910b81ed68') in 0.006520 seconds 
  Import took 0.009829 seconds .

AssetImportWorkerClient::OnTransportError - code=2 error=End of file
